build/intermediates/manifest_merge_blame_file/debug/manifest-merger-blame-debug-report.txt
1<?xml version="1.0" encoding="utf-8"?>
2<manifest xmlns:android="http://schemas.android.com/apk/res/android"
3    package="com.KanPa.AR_book"
4    android:installLocation="preferExternal"
5    android:versionCode="1"
6    android:versionName="0.1" >
7
8    <uses-sdk
9        android:minSdkVersion="26"
9-->src\main\AndroidManifest.xml
10        android:targetSdkVersion="28" />
10-->src\main\AndroidManifest.xml
11
12    <supports-screens
12-->src\main\AndroidManifest.xml:7:5-12:40
13        android:anyDensity="true"
13-->src\main\AndroidManifest.xml:8:9-34
14        android:largeScreens="true"
14-->src\main\AndroidManifest.xml:9:9-36
15        android:normalScreens="true"
15-->src\main\AndroidManifest.xml:10:9-37
16        android:smallScreens="true"
16-->src\main\AndroidManifest.xml:11:9-36
17        android:xlargeScreens="true" />
17-->src\main\AndroidManifest.xml:12:9-37
18
19    <uses-feature android:glEsVersion="0x00030000" />
19-->src\main\AndroidManifest.xml:14:5-54
19-->src\main\AndroidManifest.xml:14:19-51
20
21    <uses-permission android:name="android.permission.INTERNET" />
21-->src\main\AndroidManifest.xml:16:5-67
21-->src\main\AndroidManifest.xml:16:22-64
22    <uses-permission android:name="android.permission.CAMERA" />
22-->src\main\AndroidManifest.xml:17:5-65
22-->src\main\AndroidManifest.xml:17:22-62
23
24    <uses-feature
24-->src\main\AndroidManifest.xml:19:5-21:36
25        android:name="android.hardware.camera"
25-->src\main\AndroidManifest.xml:20:9-47
26        android:required="true" />
26-->src\main\AndroidManifest.xml:21:9-33
27    <uses-feature
27-->src\main\AndroidManifest.xml:22:5-24:36
28        android:name="android.hardware.camera.autofocus"
28-->src\main\AndroidManifest.xml:23:9-57
29        android:required="false" />
29-->src\main\AndroidManifest.xml:24:9-33
30    <uses-feature
30-->src\main\AndroidManifest.xml:25:5-27:36
31        android:name="android.hardware.camera.front"
31-->src\main\AndroidManifest.xml:26:9-53
32        android:required="false" />
32-->src\main\AndroidManifest.xml:27:9-33
33    <uses-feature
33-->src\main\AndroidManifest.xml:28:5-30:36
34        android:name="android.hardware.touchscreen"
34-->src\main\AndroidManifest.xml:29:9-52
35        android:required="false" />
35-->src\main\AndroidManifest.xml:30:9-33
36    <uses-feature
36-->src\main\AndroidManifest.xml:31:5-33:36
37        android:name="android.hardware.touchscreen.multitouch"
37-->src\main\AndroidManifest.xml:32:9-63
38        android:required="false" />
38-->src\main\AndroidManifest.xml:33:9-33
39    <uses-feature
39-->src\main\AndroidManifest.xml:34:5-36:36
40        android:name="android.hardware.touchscreen.multitouch.distinct"
40-->src\main\AndroidManifest.xml:35:9-72
41        android:required="false" />
41-->src\main\AndroidManifest.xml:36:9-33
42
43    <uses-permission android:name="android.permission.ACCESS_NETWORK_STATE" />
43-->[:VuforiaWrapper:] AndroidManifest.xml:11:5-79
43-->[:VuforiaWrapper:] AndroidManifest.xml:11:22-76
44    <uses-permission android:name="android.permission.WRITE_EXTERNAL_STORAGE" />
44-->[:VuforiaWrapper:] AndroidManifest.xml:12:5-81
44-->[:VuforiaWrapper:] AndroidManifest.xml:12:22-78
45    <uses-permission android:name="android.permission.READ_PHONE_STATE" />
46    <uses-permission android:name="android.permission.READ_EXTERNAL_STORAGE" />
47
48    <application
48-->src\main\AndroidManifest.xml:38:5-83:19
49        android:allowBackup="true"
49-->src\main\AndroidManifest.xml:40:9-35
50        android:appComponentFactory="androidx.core.app.CoreComponentFactory"
50-->[androidx.core:core:1.0.2] AndroidManifest.xml:22:18-86
51        android:debuggable="true"
51-->[:VuforiaWrapper:] AndroidManifest.xml:14:18-44
52        android:icon="@mipmap/ic_launcher"
52-->src\main\AndroidManifest.xml:41:9-43
53        android:label="@string/app_name"
53-->src\main\AndroidManifest.xml:42:9-41
54        android:roundIcon="@mipmap/ic_launcher_round"
54-->src\main\AndroidManifest.xml:43:9-54
55        android:supportsRtl="true"
55-->src\main\AndroidManifest.xml:44:9-35
56        android:theme="@style/AppTheme" >
56-->src\main\AndroidManifest.xml:45:9-40
57        <activity android:name="com.KanPa.AR_book.TailsList" />
57-->src\main\AndroidManifest.xml:46:9-56
57-->src\main\AndroidManifest.xml:46:19-44
58        <activity android:name="com.KanPa.AR_book.MainActivity" >
58-->src\main\AndroidManifest.xml:47:9-53:20
58-->src\main\AndroidManifest.xml:47:19-47
59            <intent-filter>
59-->src\main\AndroidManifest.xml:48:9-52:25
60                <action android:name="android.intent.action.MAIN" />
60-->src\main\AndroidManifest.xml:49:13-65
60-->src\main\AndroidManifest.xml:49:21-62
61
62                <category android:name="android.intent.category.LAUNCHER" />
62-->src\main\AndroidManifest.xml:51:13-73
62-->src\main\AndroidManifest.xml:51:23-70
63            </intent-filter>
64        </activity>
65        <activity
65-->src\main\AndroidManifest.xml:54:9-69:20
66            android:name="com.KanPa.AR_book.UnityPlayerActivity"
66-->src\main\AndroidManifest.xml:55:13-48
67            android:configChanges="mcc|mnc|locale|touchscreen|keyboard|keyboardHidden|navigation|orientation|screenLayout|uiMode|screenSize|smallestScreenSize|fontScale|layoutDirection|density"
67-->src\main\AndroidManifest.xml:56:13-194
68            android:hardwareAccelerated="false"
68-->src\main\AndroidManifest.xml:57:13-48
69            android:label="@string/app_name"
69-->src\main\AndroidManifest.xml:58:13-45
70            android:launchMode="singleTask"
70-->src\main\AndroidManifest.xml:59:13-44
71            android:screenOrientation="fullSensor" >
71-->src\main\AndroidManifest.xml:60:13-51
72            <meta-data
72-->src\main\AndroidManifest.xml:63:13-65:40
73                android:name="unityplayer.UnityActivity"
73-->src\main\AndroidManifest.xml:64:17-57
74                android:value="true" />
74-->src\main\AndroidManifest.xml:65:17-37
75            <meta-data
75-->src\main\AndroidManifest.xml:66:13-68:40
76                android:name="android.notch_support"
76-->src\main\AndroidManifest.xml:67:17-53
77                android:value="true" />
77-->src\main\AndroidManifest.xml:68:17-37
78        </activity>
79
80        <meta-data
80-->src\main\AndroidManifest.xml:71:9-73:68
81            android:name="unity.build-id"
81-->src\main\AndroidManifest.xml:72:13-42
82            android:value="50cd8d25-104b-4bb7-a0d6-b9bbf044ba89" />
82-->src\main\AndroidManifest.xml:73:13-65
83        <meta-data
83-->src\main\AndroidManifest.xml:74:9-76:33
84            android:name="unity.splash-mode"
84-->src\main\AndroidManifest.xml:75:13-45
85            android:value="0" />
85-->src\main\AndroidManifest.xml:76:13-30
86        <meta-data
86-->src\main\AndroidManifest.xml:77:9-79:36
87            android:name="unity.splash-enable"
87-->src\main\AndroidManifest.xml:78:13-47
88            android:value="True" />
88-->src\main\AndroidManifest.xml:79:13-33
89        <meta-data
89-->src\main\AndroidManifest.xml:80:9-82:50
90            android:name="notch.config"
90-->src\main\AndroidManifest.xml:81:13-40
91            android:value="portrait|landscape" />
91-->src\main\AndroidManifest.xml:82:13-47
92    </application>
93
94</manifest>